{"C:\\dev\\github\\voting-client\\src\\action_creators.js":{"path":"C:\\dev\\github\\voting-client\\src\\action_creators.js","s":{"1":1,"2":1,"3":1,"4":1,"5":1,"6":0,"7":1,"8":0,"9":1,"10":0},"b":{},"f":{"1":0,"2":0,"3":0},"fnMap":{"1":{"name":"setState","line":9,"loc":{"start":{"line":1,"column":-8},"end":{"line":1,"column":17}}},"2":{"name":"vote","line":16,"loc":{"start":{"line":8,"column":7},"end":{"line":8,"column":28}}},"3":{"name":"next","line":24,"loc":{"start":{"line":16,"column":7},"end":{"line":16,"column":23}}}},"statementMap":{"1":{"start":{"line":0,"column":0},"end":{"line":0,"column":0},"skip":true},"2":{"start":{"line":0,"column":0},"end":{"line":0,"column":0},"skip":true},"3":{"start":{"line":0,"column":0},"end":{"line":0,"column":0},"skip":true},"4":{"start":{"line":0,"column":0},"end":{"line":0,"column":0},"skip":true},"5":{"start":{"line":1,"column":-8},"end":{"line":6,"column":1}},"6":{"start":{"line":2,"column":4},"end":{"line":5,"column":6}},"7":{"start":{"line":8,"column":7},"end":{"line":14,"column":1}},"8":{"start":{"line":9,"column":4},"end":{"line":13,"column":6}},"9":{"start":{"line":16,"column":7},"end":{"line":21,"column":1}},"10":{"start":{"line":17,"column":4},"end":{"line":20,"column":5}}},"branchMap":{}},"C:\\dev\\github\\voting-client\\src\\components\\App.js":{"path":"C:\\dev\\github\\voting-client\\src\\components\\App.js","s":{"1":1,"2":1,"3":1,"4":1,"5":1,"6":1,"7":0},"b":{"1":[0,1],"2":[1,1]},"f":{"1":1,"2":0},"fnMap":{"1":{"name":"_interopRequireDefault","line":11,"loc":{"start":{"line":0,"column":0},"end":{"line":0,"column":0},"skip":true},"skip":true},"2":{"name":"render","line":16,"loc":{"start":{"line":4,"column":12},"end":{"line":4,"column":24}}}},"statementMap":{"1":{"start":{"line":0,"column":0},"end":{"line":0,"column":0},"skip":true},"2":{"start":{"line":0,"column":0},"end":{"line":0,"column":0},"skip":true},"3":{"start":{"line":0,"column":0},"end":{"line":0,"column":0},"skip":true},"4":{"start":{"line":0,"column":0},"end":{"line":0,"column":0},"skip":true},"5":{"start":{"line":0,"column":0},"end":{"line":0,"column":0},"skip":true},"6":{"start":{"line":0,"column":0},"end":{"line":0,"column":0},"skip":true},"7":{"start":{"line":5,"column":8},"end":{"line":5,"column":35}}},"branchMap":{"1":{"line":11,"type":"cond-expr","locations":[{"start":{"line":0,"column":0},"end":{"line":0,"column":0},"skip":true},{"start":{"line":0,"column":0},"end":{"line":0,"column":0},"skip":true}]},"2":{"line":11,"type":"binary-expr","locations":[{"start":{"line":0,"column":0},"end":{"line":0,"column":0},"skip":true},{"start":{"line":0,"column":0},"end":{"line":0,"column":0},"skip":true}]}}},"C:\\dev\\github\\voting-client\\src\\components\\Results.js":{"path":"C:\\dev\\github\\voting-client\\src\\components\\Results.js","s":{"1":1,"2":1,"3":1,"4":1,"5":1,"6":1,"7":1,"8":1,"9":1,"10":1,"11":1,"12":1,"13":1,"14":1,"15":1,"16":1,"17":0,"18":0,"19":0,"20":0,"21":0,"22":0,"23":0,"24":1,"25":4,"26":1,"27":3,"28":1,"29":0,"30":1},"b":{"1":[1,0],"2":[1,1],"3":[0,0],"4":[0,0],"5":[2,2],"6":[4,4],"7":[1,2]},"f":{"1":1,"2":4,"3":3,"4":0},"fnMap":{"1":{"name":"_interopRequireWildcard","line":30,"loc":{"start":{"line":0,"column":0},"end":{"line":0,"column":0},"skip":true},"skip":true},"2":{"name":"_interopRequireDefault","line":32,"loc":{"start":{"line":0,"column":0},"end":{"line":0,"column":0},"skip":true},"skip":true},"3":{"name":"render","line":38,"loc":{"start":{"line":14,"column":12},"end":{"line":14,"column":24}}},"4":{"name":"mapStateToProps","line":58,"loc":{"start":{"line":30,"column":0},"end":{"line":30,"column":32}}}},"statementMap":{"1":{"start":{"line":0,"column":0},"end":{"line":0,"column":0},"skip":true},"2":{"start":{"line":0,"column":0},"end":{"line":0,"column":0},"skip":true},"3":{"start":{"line":0,"column":0},"end":{"line":0,"column":0},"skip":true},"4":{"start":{"line":0,"column":0},"end":{"line":0,"column":0},"skip":true},"5":{"start":{"line":0,"column":0},"end":{"line":0,"column":0},"skip":true},"6":{"start":{"line":0,"column":0},"end":{"line":0,"column":0},"skip":true},"7":{"start":{"line":0,"column":0},"end":{"line":0,"column":0},"skip":true},"8":{"start":{"line":0,"column":0},"end":{"line":0,"column":0},"skip":true},"9":{"start":{"line":0,"column":0},"end":{"line":0,"column":0},"skip":true},"10":{"start":{"line":0,"column":0},"end":{"line":0,"column":0},"skip":true},"11":{"start":{"line":0,"column":0},"end":{"line":0,"column":0},"skip":true},"12":{"start":{"line":0,"column":0},"end":{"line":0,"column":0},"skip":true},"13":{"start":{"line":0,"column":0},"end":{"line":0,"column":0},"skip":true},"14":{"start":{"line":0,"column":0},"end":{"line":0,"column":0},"skip":true},"15":{"start":{"line":0,"column":0},"end":{"line":0,"column":0},"skip":true},"16":{"start":{"line":0,"column":0},"end":{"line":0,"column":0},"skip":true},"17":{"start":{"line":0,"column":0},"end":{"line":0,"column":0},"skip":true},"18":{"start":{"line":0,"column":0},"end":{"line":0,"column":0},"skip":true},"19":{"start":{"line":0,"column":0},"end":{"line":0,"column":0},"skip":true},"20":{"start":{"line":0,"column":0},"end":{"line":0,"column":0},"skip":true},"21":{"start":{"line":0,"column":0},"end":{"line":0,"column":0},"skip":true},"22":{"start":{"line":0,"column":0},"end":{"line":0,"column":0},"skip":true},"23":{"start":{"line":0,"column":0},"end":{"line":0,"column":0},"skip":true},"24":{"start":{"line":0,"column":0},"end":{"line":0,"column":0},"skip":true},"25":{"start":{"line":0,"column":0},"end":{"line":0,"column":0},"skip":true},"26":{"start":{"line":12,"column":7},"end":{"line":28,"column":3}},"27":{"start":{"line":15,"column":8},"end":{"line":26,"column":18}},"28":{"start":{"line":30,"column":0},"end":{"line":36,"column":1}},"29":{"start":{"line":31,"column":4},"end":{"line":35,"column":5}},"30":{"start":{"line":38,"column":7},"end":{"line":41,"column":11}}},"branchMap":{"1":{"line":30,"type":"if","locations":[{"start":{"line":0,"column":0},"end":{"line":0,"column":0},"skip":true},{"start":{"line":0,"column":0},"end":{"line":0,"column":0},"skip":true}]},"2":{"line":30,"type":"binary-expr","locations":[{"start":{"line":0,"column":0},"end":{"line":0,"column":0},"skip":true},{"start":{"line":0,"column":0},"end":{"line":0,"column":0},"skip":true}]},"3":{"line":30,"type":"if","locations":[{"start":{"line":0,"column":0},"end":{"line":0,"column":0},"skip":true},{"start":{"line":0,"column":0},"end":{"line":0,"column":0},"skip":true}]},"4":{"line":30,"type":"if","locations":[{"start":{"line":0,"column":0},"end":{"line":0,"column":0},"skip":true},{"start":{"line":0,"column":0},"end":{"line":0,"column":0},"skip":true}]},"5":{"line":32,"type":"cond-expr","locations":[{"start":{"line":0,"column":0},"end":{"line":0,"column":0},"skip":true},{"start":{"line":0,"column":0},"end":{"line":0,"column":0},"skip":true}]},"6":{"line":32,"type":"binary-expr","locations":[{"start":{"line":0,"column":0},"end":{"line":0,"column":0},"skip":true},{"start":{"line":0,"column":0},"end":{"line":0,"column":0},"skip":true}]},"7":{"line":39,"type":"cond-expr","locations":[{"start":{"line":16,"column":12},"end":{"line":16,"column":62}},{"start":{"line":17,"column":12},"end":{"line":26,"column":18}}]}}},"C:\\dev\\github\\voting-client\\src\\components\\Tally.js":{"path":"C:\\dev\\github\\voting-client\\src\\components\\Tally.js","s":{"1":1,"2":1,"3":1,"4":1,"5":1,"6":1,"7":2,"8":1,"9":2,"10":4,"11":1,"12":3,"13":2,"14":2,"15":4},"b":{"1":[0,2],"2":[2,2],"3":[2,0],"4":[1,3],"5":[4,4]},"f":{"1":2,"2":2,"3":4,"4":2,"5":4},"fnMap":{"1":{"name":"_interopRequireDefault","line":15,"loc":{"start":{"line":0,"column":0},"end":{"line":0,"column":0},"skip":true},"skip":true},"2":{"name":"getPair","line":21,"loc":{"start":{"line":6,"column":13},"end":{"line":6,"column":25}}},"3":{"name":"getVotes","line":24,"loc":{"start":{"line":9,"column":14},"end":{"line":9,"column":31}}},"4":{"name":"render","line":31,"loc":{"start":{"line":16,"column":12},"end":{"line":16,"column":24}}},"5":{"name":"(anonymous_5)","line":37,"loc":{"start":{"line":19,"column":36},"end":{"line":19,"column":41}}}},"statementMap":{"1":{"start":{"line":0,"column":0},"end":{"line":0,"column":0},"skip":true},"2":{"start":{"line":0,"column":0},"end":{"line":0,"column":0},"skip":true},"3":{"start":{"line":0,"column":0},"end":{"line":0,"column":0},"skip":true},"4":{"start":{"line":0,"column":0},"end":{"line":0,"column":0},"skip":true},"5":{"start":{"line":0,"column":0},"end":{"line":0,"column":0},"skip":true},"6":{"start":{"line":0,"column":0},"end":{"line":0,"column":0},"skip":true},"7":{"start":{"line":0,"column":0},"end":{"line":0,"column":0},"skip":true},"8":{"start":{"line":0,"column":0},"end":{"line":0,"column":0},"skip":true},"9":{"start":{"line":7,"column":8},"end":{"line":7,"column":37}},"10":{"start":{"line":10,"column":8},"end":{"line":12,"column":9}},"11":{"start":{"line":11,"column":12},"end":{"line":11,"column":47}},"12":{"start":{"line":14,"column":8},"end":{"line":14,"column":17}},"13":{"start":{"line":0,"column":0},"end":{"line":0,"column":0},"skip":true},"14":{"start":{"line":17,"column":8},"end":{"line":27,"column":10}},"15":{"start":{"line":0,"column":0},"end":{"line":0,"column":0},"skip":true}},"branchMap":{"1":{"line":15,"type":"cond-expr","locations":[{"start":{"line":0,"column":0},"end":{"line":0,"column":0},"skip":true},{"start":{"line":0,"column":0},"end":{"line":0,"column":0},"skip":true}]},"2":{"line":15,"type":"binary-expr","locations":[{"start":{"line":0,"column":0},"end":{"line":0,"column":0},"skip":true},{"start":{"line":0,"column":0},"end":{"line":0,"column":0},"skip":true}]},"3":{"line":22,"type":"binary-expr","locations":[{"start":{"line":7,"column":15},"end":{"line":7,"column":30}},{"start":{"line":7,"column":34},"end":{"line":7,"column":36}}]},"4":{"line":25,"type":"if","locations":[{"start":{"line":10,"column":8},"end":{"line":10,"column":8}},{"start":{"line":10,"column":8},"end":{"line":10,"column":8}}]},"5":{"line":25,"type":"binary-expr","locations":[{"start":{"line":10,"column":12},"end":{"line":10,"column":28}},{"start":{"line":10,"column":32},"end":{"line":10,"column":59}}]}}},"C:\\dev\\github\\voting-client\\src\\components\\Winner.js":{"path":"C:\\dev\\github\\voting-client\\src\\components\\Winner.js","s":{"1":1,"2":1,"3":1,"4":1,"5":1,"6":1,"7":2,"8":1,"9":2},"b":{"1":[0,2],"2":[2,2]},"f":{"1":2,"2":2},"fnMap":{"1":{"name":"_interopRequireDefault","line":15,"loc":{"start":{"line":0,"column":0},"end":{"line":0,"column":0},"skip":true},"skip":true},"2":{"name":"render","line":21,"loc":{"start":{"line":6,"column":12},"end":{"line":6,"column":24}}}},"statementMap":{"1":{"start":{"line":0,"column":0},"end":{"line":0,"column":0},"skip":true},"2":{"start":{"line":0,"column":0},"end":{"line":0,"column":0},"skip":true},"3":{"start":{"line":0,"column":0},"end":{"line":0,"column":0},"skip":true},"4":{"start":{"line":0,"column":0},"end":{"line":0,"column":0},"skip":true},"5":{"start":{"line":0,"column":0},"end":{"line":0,"column":0},"skip":true},"6":{"start":{"line":0,"column":0},"end":{"line":0,"column":0},"skip":true},"7":{"start":{"line":0,"column":0},"end":{"line":0,"column":0},"skip":true},"8":{"start":{"line":0,"column":0},"end":{"line":0,"column":0},"skip":true},"9":{"start":{"line":7,"column":8},"end":{"line":11,"column":10}}},"branchMap":{"1":{"line":15,"type":"cond-expr","locations":[{"start":{"line":0,"column":0},"end":{"line":0,"column":0},"skip":true},{"start":{"line":0,"column":0},"end":{"line":0,"column":0},"skip":true}]},"2":{"line":15,"type":"binary-expr","locations":[{"start":{"line":0,"column":0},"end":{"line":0,"column":0},"skip":true},{"start":{"line":0,"column":0},"end":{"line":0,"column":0},"skip":true}]}}},"C:\\dev\\github\\voting-client\\src\\components\\Vote.js":{"path":"C:\\dev\\github\\voting-client\\src\\components\\Vote.js","s":{"1":1,"2":1,"3":1,"4":1,"5":1,"6":1,"7":2,"8":1,"9":6,"10":12,"11":12,"12":6,"13":6,"14":12,"15":1},"b":{"1":[0,2],"2":[2,2],"3":[6,0],"4":[2,10]},"f":{"1":2,"2":6,"3":12,"4":12,"5":6,"6":12,"7":1},"fnMap":{"1":{"name":"_interopRequireDefault","line":15,"loc":{"start":{"line":0,"column":0},"end":{"line":0,"column":0},"skip":true},"skip":true},"2":{"name":"getPair","line":21,"loc":{"start":{"line":6,"column":13},"end":{"line":6,"column":25}}},"3":{"name":"isDisabled","line":24,"loc":{"start":{"line":9,"column":16},"end":{"line":9,"column":28}}},"4":{"name":"hasVotedFor","line":27,"loc":{"start":{"line":12,"column":17},"end":{"line":12,"column":34}}},"5":{"name":"render","line":30,"loc":{"start":{"line":15,"column":12},"end":{"line":15,"column":24}}},"6":{"name":"(anonymous_6)","line":36,"loc":{"start":{"line":18,"column":36},"end":{"line":18,"column":41}}},"7":{"name":"onClick","line":41,"loc":{"start":{"line":21,"column":33},"end":{"line":21,"column":33}}}},"statementMap":{"1":{"start":{"line":0,"column":0},"end":{"line":0,"column":0},"skip":true},"2":{"start":{"line":0,"column":0},"end":{"line":0,"column":0},"skip":true},"3":{"start":{"line":0,"column":0},"end":{"line":0,"column":0},"skip":true},"4":{"start":{"line":0,"column":0},"end":{"line":0,"column":0},"skip":true},"5":{"start":{"line":0,"column":0},"end":{"line":0,"column":0},"skip":true},"6":{"start":{"line":0,"column":0},"end":{"line":0,"column":0},"skip":true},"7":{"start":{"line":0,"column":0},"end":{"line":0,"column":0},"skip":true},"8":{"start":{"line":0,"column":0},"end":{"line":0,"column":0},"skip":true},"9":{"start":{"line":7,"column":8},"end":{"line":7,"column":37}},"10":{"start":{"line":10,"column":8},"end":{"line":10,"column":37}},"11":{"start":{"line":13,"column":8},"end":{"line":13,"column":45}},"12":{"start":{"line":0,"column":0},"end":{"line":0,"column":0},"skip":true},"13":{"start":{"line":16,"column":8},"end":{"line":29,"column":10}},"14":{"start":{"line":0,"column":0},"end":{"line":0,"column":0},"skip":true},"15":{"start":{"line":0,"column":0},"end":{"line":0,"column":0},"skip":true}},"branchMap":{"1":{"line":15,"type":"cond-expr","locations":[{"start":{"line":0,"column":0},"end":{"line":0,"column":0},"skip":true},{"start":{"line":0,"column":0},"end":{"line":0,"column":0},"skip":true}]},"2":{"line":15,"type":"binary-expr","locations":[{"start":{"line":0,"column":0},"end":{"line":0,"column":0},"skip":true},{"start":{"line":0,"column":0},"end":{"line":0,"column":0},"skip":true}]},"3":{"line":22,"type":"binary-expr","locations":[{"start":{"line":7,"column":15},"end":{"line":7,"column":30}},{"start":{"line":7,"column":34},"end":{"line":7,"column":36}}]},"4":{"line":49,"type":"cond-expr","locations":[{"start":{"line":24,"column":20},"end":{"line":24,"column":54}},{"start":{"line":25,"column":24},"end":{"line":25,"column":28}}]}}},"C:\\dev\\github\\voting-client\\src\\components\\Voting.js":{"path":"C:\\dev\\github\\voting-client\\src\\components\\Voting.js","s":{"1":1,"2":1,"3":1,"4":1,"5":1,"6":1,"7":1,"8":1,"9":1,"10":1,"11":1,"12":1,"13":1,"14":1,"15":1,"16":1,"17":0,"18":0,"19":0,"20":0,"21":0,"22":0,"23":0,"24":1,"25":4,"26":1,"27":0,"28":0,"29":0,"30":7,"31":1,"32":0,"33":1},"b":{"1":[1,0],"2":[1,1],"3":[0,0],"4":[0,0],"5":[2,2],"6":[4,4],"7":[0,0],"8":[1,6]},"f":{"1":1,"2":4,"3":0,"4":0,"5":0,"6":7,"7":0},"fnMap":{"1":{"name":"_interopRequireWildcard","line":30,"loc":{"start":{"line":0,"column":0},"end":{"line":0,"column":0},"skip":true},"skip":true},"2":{"name":"_interopRequireDefault","line":32,"loc":{"start":{"line":0,"column":0},"end":{"line":0,"column":0},"skip":true},"skip":true},"3":{"name":"getPair","line":38,"loc":{"start":{"line":13,"column":13},"end":{"line":13,"column":25}}},"4":{"name":"isDisabled","line":41,"loc":{"start":{"line":16,"column":16},"end":{"line":16,"column":28}}},"5":{"name":"hasVotedFor","line":44,"loc":{"start":{"line":19,"column":17},"end":{"line":19,"column":34}}},"6":{"name":"render","line":47,"loc":{"start":{"line":22,"column":12},"end":{"line":22,"column":24}}},"7":{"name":"mapStateToProps","line":56,"loc":{"start":{"line":34,"column":0},"end":{"line":34,"column":32}}}},"statementMap":{"1":{"start":{"line":0,"column":0},"end":{"line":0,"column":0},"skip":true},"2":{"start":{"line":0,"column":0},"end":{"line":0,"column":0},"skip":true},"3":{"start":{"line":0,"column":0},"end":{"line":0,"column":0},"skip":true},"4":{"start":{"line":0,"column":0},"end":{"line":0,"column":0},"skip":true},"5":{"start":{"line":0,"column":0},"end":{"line":0,"column":0},"skip":true},"6":{"start":{"line":0,"column":0},"end":{"line":0,"column":0},"skip":true},"7":{"start":{"line":0,"column":0},"end":{"line":0,"column":0},"skip":true},"8":{"start":{"line":0,"column":0},"end":{"line":0,"column":0},"skip":true},"9":{"start":{"line":0,"column":0},"end":{"line":0,"column":0},"skip":true},"10":{"start":{"line":0,"column":0},"end":{"line":0,"column":0},"skip":true},"11":{"start":{"line":0,"column":0},"end":{"line":0,"column":0},"skip":true},"12":{"start":{"line":0,"column":0},"end":{"line":0,"column":0},"skip":true},"13":{"start":{"line":0,"column":0},"end":{"line":0,"column":0},"skip":true},"14":{"start":{"line":0,"column":0},"end":{"line":0,"column":0},"skip":true},"15":{"start":{"line":0,"column":0},"end":{"line":0,"column":0},"skip":true},"16":{"start":{"line":0,"column":0},"end":{"line":0,"column":0},"skip":true},"17":{"start":{"line":0,"column":0},"end":{"line":0,"column":0},"skip":true},"18":{"start":{"line":0,"column":0},"end":{"line":0,"column":0},"skip":true},"19":{"start":{"line":0,"column":0},"end":{"line":0,"column":0},"skip":true},"20":{"start":{"line":0,"column":0},"end":{"line":0,"column":0},"skip":true},"21":{"start":{"line":0,"column":0},"end":{"line":0,"column":0},"skip":true},"22":{"start":{"line":0,"column":0},"end":{"line":0,"column":0},"skip":true},"23":{"start":{"line":0,"column":0},"end":{"line":0,"column":0},"skip":true},"24":{"start":{"line":0,"column":0},"end":{"line":0,"column":0},"skip":true},"25":{"start":{"line":0,"column":0},"end":{"line":0,"column":0},"skip":true},"26":{"start":{"line":11,"column":7},"end":{"line":32,"column":3}},"27":{"start":{"line":14,"column":8},"end":{"line":14,"column":37}},"28":{"start":{"line":17,"column":8},"end":{"line":17,"column":37}},"29":{"start":{"line":20,"column":8},"end":{"line":20,"column":45}},"30":{"start":{"line":23,"column":8},"end":{"line":30,"column":10}},"31":{"start":{"line":34,"column":0},"end":{"line":40,"column":1}},"32":{"start":{"line":35,"column":4},"end":{"line":39,"column":6}},"33":{"start":{"line":42,"column":7},"end":{"line":45,"column":10}}},"branchMap":{"1":{"line":30,"type":"if","locations":[{"start":{"line":0,"column":0},"end":{"line":0,"column":0},"skip":true},{"start":{"line":0,"column":0},"end":{"line":0,"column":0},"skip":true}]},"2":{"line":30,"type":"binary-expr","locations":[{"start":{"line":0,"column":0},"end":{"line":0,"column":0},"skip":true},{"start":{"line":0,"column":0},"end":{"line":0,"column":0},"skip":true}]},"3":{"line":30,"type":"if","locations":[{"start":{"line":0,"column":0},"end":{"line":0,"column":0},"skip":true},{"start":{"line":0,"column":0},"end":{"line":0,"column":0},"skip":true}]},"4":{"line":30,"type":"if","locations":[{"start":{"line":0,"column":0},"end":{"line":0,"column":0},"skip":true},{"start":{"line":0,"column":0},"end":{"line":0,"column":0},"skip":true}]},"5":{"line":32,"type":"cond-expr","locations":[{"start":{"line":0,"column":0},"end":{"line":0,"column":0},"skip":true},{"start":{"line":0,"column":0},"end":{"line":0,"column":0},"skip":true}]},"6":{"line":32,"type":"binary-expr","locations":[{"start":{"line":0,"column":0},"end":{"line":0,"column":0},"skip":true},{"start":{"line":0,"column":0},"end":{"line":0,"column":0},"skip":true}]},"7":{"line":39,"type":"binary-expr","locations":[{"start":{"line":14,"column":15},"end":{"line":14,"column":30}},{"start":{"line":14,"column":34},"end":{"line":14,"column":36}}]},"8":{"line":51,"type":"cond-expr","locations":[{"start":{"line":26,"column":16},"end":{"line":26,"column":65}},{"start":{"line":27,"column":16},"end":{"line":27,"column":40}}]}}},"C:\\dev\\github\\voting-client\\src\\reducer.js":{"path":"C:\\dev\\github\\voting-client\\src\\reducer.js","s":{"1":1,"2":1,"3":7,"4":7,"5":7,"6":5,"7":2,"8":0,"9":1,"10":1,"11":5,"12":1,"13":2,"14":2,"15":1,"16":1,"17":1,"18":5,"19":5,"20":5,"21":1,"22":4},"b":{"1":[1,6],"2":[7,7],"3":[5,2],"4":[1,1],"5":[2,2],"6":[1,4],"7":[5,1]},"f":{"1":7,"2":5,"3":2,"4":5},"fnMap":{"1":{"name":"(anonymous_1)","line":7,"loc":{"start":{"line":27,"column":15},"end":{"line":27,"column":48}}},"2":{"name":"setState","line":23,"loc":{"start":{"line":3,"column":0},"end":{"line":3,"column":35}}},"3":{"name":"vote","line":27,"loc":{"start":{"line":7,"column":0},"end":{"line":7,"column":28}}},"4":{"name":"resetVote","line":36,"loc":{"start":{"line":16,"column":0},"end":{"line":16,"column":26}}}},"statementMap":{"1":{"start":{"line":0,"column":0},"end":{"line":0,"column":0},"skip":true},"2":{"start":{"line":0,"column":0},"end":{"line":0,"column":0},"skip":true},"3":{"start":{"line":0,"column":0},"end":{"line":0,"column":0},"skip":true},"4":{"start":{"line":0,"column":0},"end":{"line":0,"column":0},"skip":true},"5":{"start":{"line":28,"column":4},"end":{"line":33,"column":5}},"6":{"start":{"line":30,"column":12},"end":{"line":30,"column":60}},"7":{"start":{"line":32,"column":12},"end":{"line":32,"column":45}},"8":{"start":{"line":35,"column":4},"end":{"line":35,"column":17}},"9":{"start":{"line":0,"column":0},"end":{"line":0,"column":0},"skip":true},"10":{"start":{"line":3,"column":0},"end":{"line":5,"column":1}},"11":{"start":{"line":4,"column":4},"end":{"line":4,"column":33}},"12":{"start":{"line":7,"column":0},"end":{"line":14,"column":1}},"13":{"start":{"line":8,"column":4},"end":{"line":8,"column":54}},"14":{"start":{"line":9,"column":4},"end":{"line":13,"column":5}},"15":{"start":{"line":10,"column":8},"end":{"line":10,"column":44}},"16":{"start":{"line":12,"column":8},"end":{"line":12,"column":21}},"17":{"start":{"line":16,"column":0},"end":{"line":25,"column":1}},"18":{"start":{"line":17,"column":4},"end":{"line":17,"column":43}},"19":{"start":{"line":18,"column":4},"end":{"line":18,"column":62}},"20":{"start":{"line":20,"column":4},"end":{"line":24,"column":5}},"21":{"start":{"line":21,"column":8},"end":{"line":21,"column":40}},"22":{"start":{"line":23,"column":8},"end":{"line":23,"column":21}}},"branchMap":{"1":{"line":8,"type":"cond-expr","locations":[{"start":{"line":27,"column":33},"end":{"line":27,"column":38}},{"start":{"line":27,"column":38},"end":{"line":27,"column":38}}]},"2":{"line":8,"type":"binary-expr","locations":[{"start":{"line":27,"column":30},"end":{"line":27,"column":30}},{"start":{"line":27,"column":30},"end":{"line":27,"column":30}}]},"3":{"line":11,"type":"switch","locations":[{"start":{"line":29,"column":8},"end":{"line":30,"column":60}},{"start":{"line":30,"column":60},"end":{"line":32,"column":45}}]},"4":{"line":29,"type":"if","locations":[{"start":{"line":9,"column":4},"end":{"line":9,"column":4}},{"start":{"line":9,"column":4},"end":{"line":9,"column":4}}]},"5":{"line":29,"type":"binary-expr","locations":[{"start":{"line":9,"column":7},"end":{"line":9,"column":18}},{"start":{"line":9,"column":22},"end":{"line":9,"column":49}}]},"6":{"line":40,"type":"if","locations":[{"start":{"line":20,"column":4},"end":{"line":20,"column":4}},{"start":{"line":20,"column":4},"end":{"line":20,"column":4}}]},"7":{"line":40,"type":"binary-expr","locations":[{"start":{"line":20,"column":7},"end":{"line":20,"column":15}},{"start":{"line":20,"column":19},"end":{"line":20,"column":50}}]}}},"C:\\dev\\github\\voting-client\\src\\remote_action_middleware.js":{"path":"C:\\dev\\github\\voting-client\\src\\remote_action_middleware.js","s":{"1":1,"2":1,"3":0,"4":0,"5":0,"6":0,"7":0,"8":0},"b":{"1":[0,0],"2":[0,0]},"f":{"1":0,"2":0,"3":0,"4":0},"fnMap":{"1":{"name":"(anonymous_1)","line":7,"loc":{"start":{"line":1,"column":0},"end":{"line":1,"column":6}}},"2":{"name":"(anonymous_2)","line":8,"loc":{"start":{"line":1,"column":10},"end":{"line":1,"column":15}}},"3":{"name":"(anonymous_3)","line":9,"loc":{"start":{"line":1,"column":19},"end":{"line":1,"column":23}}},"4":{"name":"(anonymous_4)","line":10,"loc":{"start":{"line":1,"column":27},"end":{"line":1,"column":37}}}},"statementMap":{"1":{"start":{"line":0,"column":0},"end":{"line":0,"column":0},"skip":true},"2":{"start":{"line":0,"column":0},"end":{"line":0,"column":0},"skip":true},"3":{"start":{"line":0,"column":0},"end":{"line":0,"column":0},"skip":true},"4":{"start":{"line":0,"column":0},"end":{"line":0,"column":0},"skip":true},"5":{"start":{"line":0,"column":0},"end":{"line":0,"column":0},"skip":true},"6":{"start":{"line":2,"column":4},"end":{"line":4,"column":5}},"7":{"start":{"line":3,"column":8},"end":{"line":3,"column":38}},"8":{"start":{"line":5,"column":4},"end":{"line":5,"column":24}}},"branchMap":{"1":{"line":11,"type":"if","locations":[{"start":{"line":2,"column":4},"end":{"line":2,"column":4}},{"start":{"line":2,"column":4},"end":{"line":2,"column":4}}]},"2":{"line":11,"type":"binary-expr","locations":[{"start":{"line":2,"column":7},"end":{"line":2,"column":18}},{"start":{"line":2,"column":22},"end":{"line":2,"column":40}}]}}}}