TN:
SF:C:\dev\github\voting-client\src\action_creators.js
FN:9,setState
FN:16,vote
FN:24,next
FNF:3
FNH:0
FNDA:0,setState
FNDA:0,vote
FNDA:0,next
DA:0,1
DA:1,1
DA:2,0
DA:8,1
DA:9,0
DA:16,1
DA:17,0
LF:7
LH:4
BRF:0
BRH:0
end_of_record
TN:
SF:C:\dev\github\voting-client\src\components\App.js
FN:11,_interopRequireDefault
FN:16,render
FNF:2
FNH:1
FNDA:1,_interopRequireDefault
FNDA:0,render
DA:0,1
DA:5,0
LF:2
LH:1
BRDA:11,1,0,0
BRDA:11,1,1,1
BRDA:11,2,0,1
BRDA:11,2,1,1
BRF:4
BRH:4
end_of_record
TN:
SF:C:\dev\github\voting-client\src\components\Results.js
FN:30,_interopRequireWildcard
FN:32,_interopRequireDefault
FN:38,render
FN:58,mapStateToProps
FNF:4
FNH:3
FNDA:1,_interopRequireWildcard
FNDA:4,_interopRequireDefault
FNDA:3,render
FNDA:0,mapStateToProps
DA:0,4
DA:12,1
DA:15,3
DA:30,1
DA:31,0
DA:38,1
LF:6
LH:5
BRDA:30,1,0,1
BRDA:30,1,1,0
BRDA:30,2,0,1
BRDA:30,2,1,1
BRDA:30,3,0,0
BRDA:30,3,1,0
BRDA:30,4,0,0
BRDA:30,4,1,0
BRDA:32,5,0,2
BRDA:32,5,1,2
BRDA:32,6,0,4
BRDA:32,6,1,4
BRDA:39,7,0,1
BRDA:39,7,1,2
BRF:14
BRH:14
end_of_record
TN:
SF:C:\dev\github\voting-client\src\components\Tally.js
FN:15,_interopRequireDefault
FN:21,getPair
FN:24,getVotes
FN:31,render
FN:37,(anonymous_5)
FNF:5
FNH:5
FNDA:2,_interopRequireDefault
FNDA:2,getPair
FNDA:4,getVotes
FNDA:2,render
FNDA:4,(anonymous_5)
DA:0,4
DA:7,2
DA:10,4
DA:11,1
DA:14,3
DA:17,2
LF:6
LH:6
BRDA:15,1,0,0
BRDA:15,1,1,2
BRDA:15,2,0,2
BRDA:15,2,1,2
BRDA:22,3,0,2
BRDA:22,3,1,0
BRDA:25,4,0,1
BRDA:25,4,1,3
BRDA:25,5,0,4
BRDA:25,5,1,4
BRF:10
BRH:9
end_of_record
TN:
SF:C:\dev\github\voting-client\src\components\Winner.js
FN:15,_interopRequireDefault
FN:21,render
FNF:2
FNH:2
FNDA:2,_interopRequireDefault
FNDA:2,render
DA:0,2
DA:7,2
LF:2
LH:2
BRDA:15,1,0,0
BRDA:15,1,1,2
BRDA:15,2,0,2
BRDA:15,2,1,2
BRF:4
BRH:4
end_of_record
TN:
SF:C:\dev\github\voting-client\src\components\Vote.js
FN:15,_interopRequireDefault
FN:21,getPair
FN:24,isDisabled
FN:27,hasVotedFor
FN:30,render
FN:36,(anonymous_6)
FN:41,onClick
FNF:7
FNH:7
FNDA:2,_interopRequireDefault
FNDA:6,getPair
FNDA:12,isDisabled
FNDA:12,hasVotedFor
FNDA:6,render
FNDA:12,(anonymous_6)
FNDA:1,onClick
DA:0,12
DA:7,6
DA:10,12
DA:13,12
DA:16,6
LF:5
LH:5
BRDA:15,1,0,0
BRDA:15,1,1,2
BRDA:15,2,0,2
BRDA:15,2,1,2
BRDA:22,3,0,6
BRDA:22,3,1,0
BRDA:49,4,0,2
BRDA:49,4,1,10
BRF:8
BRH:7
end_of_record
TN:
SF:C:\dev\github\voting-client\src\components\Voting.js
FN:30,_interopRequireWildcard
FN:32,_interopRequireDefault
FN:38,getPair
FN:41,isDisabled
FN:44,hasVotedFor
FN:47,render
FN:56,mapStateToProps
FNF:7
FNH:3
FNDA:1,_interopRequireWildcard
FNDA:4,_interopRequireDefault
FNDA:0,getPair
FNDA:0,isDisabled
FNDA:0,hasVotedFor
FNDA:7,render
FNDA:0,mapStateToProps
DA:0,4
DA:11,1
DA:14,0
DA:17,0
DA:20,0
DA:23,7
DA:34,1
DA:35,0
DA:42,1
LF:9
LH:5
BRDA:30,1,0,1
BRDA:30,1,1,0
BRDA:30,2,0,1
BRDA:30,2,1,1
BRDA:30,3,0,0
BRDA:30,3,1,0
BRDA:30,4,0,0
BRDA:30,4,1,0
BRDA:32,5,0,2
BRDA:32,5,1,2
BRDA:32,6,0,4
BRDA:32,6,1,4
BRDA:39,7,0,0
BRDA:39,7,1,0
BRDA:51,8,0,1
BRDA:51,8,1,6
BRF:16
BRH:14
end_of_record
TN:
SF:C:\dev\github\voting-client\src\reducer.js
FN:7,(anonymous_1)
FN:23,setState
FN:27,vote
FN:36,resetVote
FNF:4
FNH:4
FNDA:7,(anonymous_1)
FNDA:5,setState
FNDA:2,vote
FNDA:5,resetVote
DA:0,7
DA:3,1
DA:4,5
DA:7,1
DA:8,2
DA:9,2
DA:10,1
DA:12,1
DA:16,1
DA:17,5
DA:18,5
DA:20,5
DA:21,1
DA:23,4
DA:28,7
DA:30,5
DA:32,2
DA:35,0
LF:18
LH:17
BRDA:8,1,0,1
BRDA:8,1,1,6
BRDA:8,2,0,7
BRDA:8,2,1,7
BRDA:11,3,0,5
BRDA:11,3,1,2
BRDA:29,4,0,1
BRDA:29,4,1,1
BRDA:29,5,0,2
BRDA:29,5,1,2
BRDA:40,6,0,1
BRDA:40,6,1,4
BRDA:40,7,0,5
BRDA:40,7,1,1
BRF:14
BRH:14
end_of_record
TN:
SF:C:\dev\github\voting-client\src\remote_action_middleware.js
FN:7,(anonymous_1)
FN:8,(anonymous_2)
FN:9,(anonymous_3)
FN:10,(anonymous_4)
FNF:4
FNH:0
FNDA:0,(anonymous_1)
FNDA:0,(anonymous_2)
FNDA:0,(anonymous_3)
FNDA:0,(anonymous_4)
DA:0,1
DA:2,0
DA:3,0
DA:5,0
LF:4
LH:1
BRDA:11,1,0,0
BRDA:11,1,1,0
BRDA:11,2,0,0
BRDA:11,2,1,0
BRF:4
BRH:0
end_of_record
